[2025-06-18T03:41:08.692Z] INFO: GET /categories
[2025-06-18T03:41:08.705Z] INFO: GET /articles?page=1
[2025-06-18T03:41:08.706Z] INFO: Request Query: {"page":"1"}
[2025-06-18T03:41:24.320Z] INFO: GET /categories
[2025-06-18T03:41:24.321Z] INFO: GET /articles?page=1
[2025-06-18T03:41:24.321Z] INFO: Request Query: {"page":"1"}
[2025-06-18T03:41:24.995Z] INFO: GET /categories
[2025-06-18T03:41:24.996Z] INFO: GET /articles?page=1
[2025-06-18T03:41:24.997Z] INFO: Request Query: {"page":"1"}
[2025-06-18T03:41:26.131Z] INFO: GET /categories
[2025-06-18T03:41:26.131Z] INFO: GET /articles?page=1
[2025-06-18T03:41:26.132Z] INFO: Request Query: {"page":"1"}
[2025-06-18T03:43:52.484Z] INFO: GET /categories
[2025-06-18T03:43:52.485Z] INFO: GET /articles?page=1
[2025-06-18T03:43:52.485Z] INFO: Request Query: {"page":"1"}
[2025-06-18T03:43:54.328Z] INFO: GET /categories
[2025-06-18T03:43:54.330Z] INFO: GET /articles?page=1
[2025-06-18T03:43:54.330Z] INFO: Request Query: {"page":"1"}
[2025-06-18T03:44:02.826Z] INFO: GET /categories
[2025-06-18T03:44:02.826Z] INFO: GET /articles?page=1
[2025-06-18T03:44:02.827Z] INFO: Request Query: {"page":"1"}
[2025-06-18T03:44:46.355Z] INFO: GET /categories
[2025-06-18T03:44:46.356Z] INFO: GET /articles?page=1
[2025-06-18T03:44:46.356Z] INFO: Request Query: {"page":"1"}
[2025-06-18T03:44:51.493Z] INFO: GET /categories
[2025-06-18T03:44:51.494Z] INFO: GET /articles?page=1
[2025-06-18T03:44:51.494Z] INFO: Request Query: {"page":"1"}
[2025-06-18T03:44:52.181Z] INFO: GET /categories
[2025-06-18T03:44:52.182Z] INFO: GET /articles?page=1
[2025-06-18T03:44:52.182Z] INFO: Request Query: {"page":"1"}
[2025-06-18T03:44:52.342Z] INFO: GET /categories
[2025-06-18T03:44:52.343Z] INFO: GET /articles?page=1
[2025-06-18T03:44:52.343Z] INFO: Request Query: {"page":"1"}
[2025-06-18T03:45:57.115Z] INFO: GET /categories
[2025-06-18T03:45:57.210Z] INFO: GET /favicon.ico
[2025-06-18T03:46:38.722Z] INFO: GET /categories
[2025-06-18T03:51:56.455Z] INFO: GET /categories
[2025-06-18T03:51:56.456Z] INFO: GET /articles?page=1
[2025-06-18T03:51:56.457Z] INFO: Request Query: {"page":"1"}
[2025-06-18T03:51:57.076Z] INFO: GET /categories
[2025-06-18T03:51:57.077Z] INFO: GET /articles?page=1
[2025-06-18T03:51:57.077Z] INFO: Request Query: {"page":"1"}
[2025-06-18T03:51:57.288Z] INFO: GET /categories
[2025-06-18T03:51:57.289Z] INFO: GET /articles?page=1
[2025-06-18T03:51:57.289Z] INFO: Request Query: {"page":"1"}
[2025-06-18T03:53:47.329Z] INFO: GET /categories
[2025-06-18T03:53:47.330Z] INFO: GET /articles?page=1
[2025-06-18T03:53:47.330Z] INFO: Request Query: {"page":"1"}
[2025-06-18T03:53:48.324Z] INFO: GET /categories
[2025-06-18T03:53:48.324Z] INFO: GET /articles?page=1
[2025-06-18T03:53:48.325Z] INFO: Request Query: {"page":"1"}
[2025-06-18T03:54:13.696Z] INFO: GET /categories
[2025-06-18T03:54:13.697Z] INFO: GET /articles?page=1
[2025-06-18T03:54:13.697Z] INFO: Request Query: {"page":"1"}
[2025-06-18T03:54:27.707Z] INFO: GET /articles?page=1
[2025-06-18T03:54:27.707Z] INFO: Request Query: {"page":"1"}
[2025-06-18T03:54:27.707Z] INFO: GET /categories
[2025-06-18T03:54:28.990Z] INFO: GET /categories
[2025-06-18T03:54:28.991Z] INFO: GET /articles?page=1
[2025-06-18T03:54:28.991Z] INFO: Request Query: {"page":"1"}
[2025-06-18T03:54:29.365Z] INFO: GET /categories
[2025-06-18T03:54:29.366Z] INFO: GET /articles?page=1
[2025-06-18T03:54:29.366Z] INFO: Request Query: {"page":"1"}
[2025-06-18T03:54:29.543Z] INFO: GET /categories
[2025-06-18T03:54:29.544Z] INFO: GET /articles?page=1
[2025-06-18T03:54:29.544Z] INFO: Request Query: {"page":"1"}
[2025-06-18T03:54:29.713Z] INFO: GET /categories
[2025-06-18T03:54:29.714Z] INFO: GET /articles?page=1
[2025-06-18T03:54:29.714Z] INFO: Request Query: {"page":"1"}
[2025-06-18T03:54:29.885Z] INFO: GET /categories
[2025-06-18T03:54:29.886Z] INFO: GET /articles?page=1
[2025-06-18T03:54:29.886Z] INFO: Request Query: {"page":"1"}
[2025-06-18T03:54:30.061Z] INFO: GET /categories
[2025-06-18T03:54:30.062Z] INFO: GET /articles?page=1
[2025-06-18T03:54:30.062Z] INFO: Request Query: {"page":"1"}
[2025-06-18T03:54:30.243Z] INFO: GET /categories
[2025-06-18T03:54:30.244Z] INFO: GET /articles?page=1
[2025-06-18T03:54:30.244Z] INFO: Request Query: {"page":"1"}
[2025-06-18T04:13:33.240Z] INFO: GET /categories
[2025-06-18T04:19:41.077Z] INFO: GET /categories/thoi-su/articles
[2025-06-18T04:19:47.101Z] INFO: GET /
[2025-06-18T04:19:53.646Z] INFO: GET /
[2025-06-18T04:20:08.762Z] INFO: GET //categories
[2025-06-18T04:20:08.769Z] INFO: GET //categories
[2025-06-18T04:20:41.374Z] INFO: GET /categories
[2025-06-18T04:20:41.417Z] INFO: GET /categories
[2025-06-18T04:20:41.419Z] INFO: GET /categories
[2025-06-18T04:20:42.213Z] INFO: GET /categories
[2025-06-18T04:20:42.217Z] INFO: GET /categories
[2025-06-18T04:20:42.219Z] INFO: GET /categories
[2025-06-18T04:23:55.080Z] INFO: GET /categories
[2025-06-18T04:23:55.122Z] INFO: GET /categories
[2025-06-18T04:23:55.124Z] INFO: GET /categories
[2025-06-18T04:23:56.649Z] INFO: GET /categories
[2025-06-18T04:23:56.654Z] INFO: GET /categories
[2025-06-18T04:23:56.657Z] INFO: GET /categories
[2025-06-18T04:24:09.414Z] INFO: GET /categories
[2025-06-18T04:29:47.691Z] INFO: GET /categories
[2025-06-18T04:29:47.750Z] INFO: GET /categories
[2025-06-18T04:29:56.027Z] INFO: GET /categories/17/articles
[2025-06-18T04:29:56.869Z] INFO: GET /categories/18/articles
[2025-06-18T04:29:57.296Z] INFO: GET /categories/17/articles
[2025-06-18T04:29:57.634Z] INFO: GET /categories/12/articles
[2025-06-18T04:29:57.784Z] INFO: GET /categories/11/articles
[2025-06-18T04:29:57.959Z] INFO: GET /categories/9/articles
[2025-06-18T04:29:58.155Z] INFO: GET /categories/7/articles
[2025-06-18T04:29:58.335Z] INFO: GET /categories/6/articles
[2025-06-18T04:29:58.533Z] INFO: GET /categories/5/articles
[2025-06-18T04:29:58.721Z] INFO: GET /categories/4/articles
[2025-06-18T04:29:58.911Z] INFO: GET /categories/3/articles
[2025-06-18T04:29:59.107Z] INFO: GET /categories/2/articles
[2025-06-18T04:29:59.306Z] INFO: GET /categories/1/articles
[2025-06-18T04:30:00.292Z] INFO: GET /categories/2/articles
[2025-06-18T04:30:00.466Z] INFO: GET /categories/3/articles
[2025-06-18T04:30:00.804Z] INFO: GET /categories/6/articles
[2025-06-18T04:30:00.996Z] INFO: GET /categories/7/articles
[2025-06-18T04:30:01.473Z] INFO: GET /categories/10/articles
[2025-06-18T04:30:01.574Z] INFO: GET /categories/11/articles
[2025-06-18T04:30:26.476Z] INFO: GET /articles
[2025-06-18T04:31:35.599Z] INFO: GET /categories/2/articles
[2025-06-18T04:31:43.003Z] INFO: GET /categories/14/articles
[2025-06-18T04:33:41.847Z] INFO: GET /categories
[2025-06-18T04:33:41.849Z] INFO: GET /articles
[2025-06-18T04:33:41.889Z] INFO: GET /categories
[2025-06-18T04:33:41.892Z] INFO: GET /articles
[2025-06-18T04:33:43.285Z] INFO: GET /categories
[2025-06-18T04:33:43.286Z] INFO: GET /articles
[2025-06-18T04:33:43.290Z] INFO: GET /categories
[2025-06-18T04:33:43.291Z] INFO: GET /articles
[2025-06-18T04:33:44.765Z] INFO: GET /categories
[2025-06-18T04:33:44.766Z] INFO: GET /articles
[2025-06-18T04:33:44.770Z] INFO: GET /categories
[2025-06-18T04:33:44.771Z] INFO: GET /articles
[2025-06-18T04:33:45.478Z] INFO: GET /categories
[2025-06-18T04:33:45.480Z] INFO: GET /articles
[2025-06-18T04:33:45.484Z] INFO: GET /categories
[2025-06-18T04:33:45.485Z] INFO: GET /articles
[2025-06-18T04:33:45.672Z] INFO: GET /categories
[2025-06-18T04:33:45.674Z] INFO: GET /articles
[2025-06-18T04:33:45.678Z] INFO: GET /categories
[2025-06-18T04:33:45.679Z] INFO: GET /articles
[2025-06-18T04:33:45.886Z] INFO: GET /categories
[2025-06-18T04:33:45.888Z] INFO: GET /articles
[2025-06-18T04:33:45.889Z] INFO: GET /categories
[2025-06-18T04:33:45.893Z] INFO: GET /articles
[2025-06-18T04:33:46.061Z] INFO: GET /categories
[2025-06-18T04:33:46.062Z] INFO: GET /articles
[2025-06-18T04:33:46.067Z] INFO: GET /categories
[2025-06-18T04:33:46.068Z] INFO: GET /articles
[2025-06-18T04:39:03.693Z] INFO: GET /categories/thoi-su/articles
[2025-06-18T04:39:25.651Z] INFO: GET /articles
[2025-06-18T04:39:58.996Z] INFO: GET /categories
[2025-06-18T04:39:58.997Z] INFO: GET /articles
[2025-06-18T04:39:59.045Z] INFO: GET /categories
[2025-06-18T04:39:59.050Z] INFO: GET /articles
[2025-06-18T04:40:30.975Z] INFO: GET /categories
[2025-06-18T04:40:30.976Z] INFO: GET /articles
[2025-06-18T04:40:31.071Z] INFO: GET /articles
[2025-06-18T04:40:31.073Z] INFO: GET /categories
[2025-06-18T04:40:31.914Z] INFO: GET /categories
[2025-06-18T04:40:31.915Z] INFO: GET /articles
[2025-06-18T04:40:31.920Z] INFO: GET /categories
[2025-06-18T04:40:31.924Z] INFO: GET /articles
[2025-06-18T04:41:00.807Z] INFO: GET /categories/thoi-su/articles
[2025-06-18T04:43:21.320Z] INFO: GET /categories
[2025-06-18T04:43:21.321Z] INFO: GET /articles
[2025-06-18T04:43:21.365Z] INFO: GET /categories
[2025-06-18T04:43:21.366Z] INFO: GET /articles
[2025-06-18T04:43:26.318Z] INFO: GET /categories
[2025-06-18T04:43:26.319Z] INFO: GET /articles
[2025-06-18T04:43:26.322Z] INFO: GET /categories
[2025-06-18T04:43:26.322Z] INFO: GET /articles
[2025-06-18T04:44:32.268Z] INFO: GET /categories/2/articles
[2025-06-18T04:45:39.999Z] INFO: GET /categories
[2025-06-18T04:47:23.954Z] INFO: GET /categories
[2025-06-18T04:47:23.956Z] INFO: GET /articles
[2025-06-18T04:47:24.007Z] INFO: GET /categories
[2025-06-18T04:47:24.012Z] INFO: GET /articles
[2025-06-18T04:47:24.835Z] INFO: GET /categories/video/articles
[2025-06-18T04:47:28.647Z] INFO: GET /categories
[2025-06-18T04:47:28.654Z] INFO: GET /articles
[2025-06-18T04:47:28.658Z] INFO: GET /categories
[2025-06-18T04:47:28.659Z] INFO: GET /articles
[2025-06-18T04:47:58.664Z] INFO: GET /categories
[2025-06-18T04:47:58.665Z] INFO: GET /articles
[2025-06-18T04:47:58.710Z] INFO: GET /categories
[2025-06-18T04:47:58.711Z] INFO: GET /articles
[2025-06-18T04:48:01.134Z] INFO: GET /categories/video/articles
[2025-06-18T04:48:07.765Z] INFO: GET /categories/thoi-su/articles
[2025-06-18T04:48:11.069Z] INFO: GET /categories/the-gioi/articles
[2025-06-18T05:01:21.369Z] INFO: GET /categories
[2025-06-18T05:01:21.378Z] INFO: GET /articles
[2025-06-18T05:01:21.438Z] INFO: GET /categories
[2025-06-18T05:01:21.439Z] INFO: GET /articles
[2025-06-18T05:01:25.108Z] INFO: GET /categories/thoi-su/articles
[2025-06-18T05:01:25.566Z] INFO: GET /categories/video/articles
[2025-06-18T05:01:27.150Z] INFO: GET /categories/thoi-su/articles
[2025-06-18T05:01:28.839Z] INFO: GET /categories/the-gioi/articles
[2025-06-18T05:01:30.385Z] INFO: GET /categories/phap-luat/articles
[2025-06-18T05:01:32.088Z] INFO: GET /categories/kinh-doanh/articles
